<?xml version="1.0" encoding="UTF-8"?>
<!-- Generated by org.testng.reporters.JUnitReportReporter -->
<testsuite skipped="0" hostname="rajanmahindra" name="testCases.test" tests="1" failures="0" timestamp="20 Aug 2019 17:43:25 GMT" time="2.413" errors="0">
  <testcase name="statesAPI" time="2.413" classname="testCases.test"/>
</testsuite> <!-- testCases.test -->
