<?xml version="1.0" encoding="UTF-8"?>
<!-- Generated by org.testng.reporters.JUnitReportReporter -->
<testsuite skipped="0" hostname="WINDOWS-UF7PNET" name="testCases.WebTest" tests="1" failures="0" timestamp="23 Sep 2019 03:52:38 GMT" time="16.319" errors="0">
  <testcase name="studioDetails" time="16.319" classname="testCases.WebTest"/>
</testsuite> <!-- testCases.WebTest -->
