<?xml version="1.0" encoding="UTF-8"?>
<!-- Generated by org.testng.reporters.JUnitReportReporter -->
<testsuite skipped="0" hostname="WINDOWS-UF7PNET" name="testCases.APITest" tests="1" failures="0" timestamp="23 Aug 2019 13:25:43 GMT" time="11.910" errors="0">
  <testcase name="statesAPI" time="11.910" classname="testCases.APITest"/>
</testsuite> <!-- testCases.APITest -->
